[06/04/2019 22:08:29] Mr.Jack wondertraded their Goldeen [15 30 31 25 23 0 SwiftSwim Gentle] for Azurill [4 30 18 19 23 27 ThickFat Hasty]
[06/04/2019 23:19:16] Mr.Jack wondertraded their Bellsprout [24 30 8 5 17 1 Chlorophyll Quiet] for Dragonair [29 16 13 18 27 30 ShedSkin Modest]
[06/04/2019 23:20:17] Andre wondertraded their Clefairy [19 7 13 7 12 12 CuteCharm Rash] for Baltoy [21 25 5 21 28 28 Levitate Rash]
[07/04/2019 00:37:06] Andre wondertraded their Slowpoke [23 9 27 19 21 7 Oblivious Brave] for Gothorita [27 6 29 20 2 28 Frisk Brave]
[07/04/2019 00:37:28] Mr.Jack wondertraded their Staravia [4 2 28 17 28 19 Intimidate Relaxed] for Hoothoot [24 15 3 9 24 22 Insomnia Quirky]
[07/04/2019 01:37:42] Mr.Jack wondertraded their Hoothoot [24 15 3 9 24 22 Insomnia Quirky] for Omanyte [26 22 28 5 22 24 ShellArmour Brave]
[07/04/2019 01:38:03] Andre wondertraded their Clefairy [13 29 7 29 7 0 CuteCharm Hasty] for Krookodile [19 5 11 1 8 15 Intimidate Calm]
[07/04/2019 02:38:06] Mr.Jack wondertraded their Kakuna [9 4 21 9 29 0 ShedSkin Quirky] for Kabutops [4 4 15 4 10 17 BattleArmour Quirky]
[07/04/2019 02:38:06] Andre wondertraded their Krookodile [19 5 11 1 8 15 Intimidate Calm] for Swinub [17 30 26 10 25 24 Oblivious Relaxed]
[07/04/2019 13:19:27] Mr.Jack wondertraded their Sandshrew [29 9 12 20 28 24 SandVeil Rash] for Nidorino [1 15 15 9 12 31 Rivalry Modest]
[07/04/2019 13:19:36] Andre wondertraded their Swinub [17 30 26 10 25 24 Oblivious Relaxed] for Chinchou [15 17 24 26 16 28 Illuminate Quiet]
[07/04/2019 14:21:05] Mr.Jack wondertraded their Graveler [20 1 26 26 10 22 Sturdy Brave] for Beedrill [14 10 6 13 29 8 Swarm Modest]
[07/04/2019 14:21:19] Andre wondertraded their Electrike [29 12 23 27 17 24 Static Adamant] for Clefable [31 11 15 19 3 17 CuteCharm Quirky]
[07/04/2019 15:21:22] Andre wondertraded their Clefable [31 11 15 19 3 17 CuteCharm Quirky] for Scolipede [21 9 9 29 5 11 PoisonPoint Relaxed]
[07/04/2019 15:21:25] Mr.Jack wondertraded their Phanpy [17 0 9 15 8 13 Pickup Relaxed] for Charmeleon [15 20 19 0 2 5 Blaze Impish]
[07/04/2019 16:25:59] Andre wondertraded their Lotad [8 1 23 2 6 2 RainDish Mild] for Infernape [29 16 30 14 14 24 Blaze Docile]
[07/04/2019 16:27:23] Mr.Jack wondertraded their Meowth [17 1 28 11 26 27 Pickup Docile] for Buneary [28 24 22 30 6 25 Klutz Quiet]
[07/04/2019 17:27:41] Mr.Jack wondertraded their Rattata [30 0 3 11 11 20 Guts Quirky] for Lilligant [22 0 2 26 8 31 OwnTempo Brave]
[07/04/2019 17:46:06] Andre wondertraded their Jangmo-o [19 10 0 27 16 25 Bulletproof Timid] for Mismagius [6 11 29 28 1 2 Levitate Lax]
[07/04/2019 18:28:23] Mr.Jack wondertraded their Charmander [27 28 11 8 20 7 Blaze Quiet] for Gulpin [21 10 29 11 7 15 StickyHold Modest]
[07/04/2019 19:00:51] Andre wondertraded their Kadabra [1 11 23 4 30 6 Synchronize Careful] for Minun [17 22 12 14 17 8 Minus Naive]
[07/04/2019 19:28:29] Mr.Jack wondertraded their Poliwag [20 18 17 31 22 19 WaterAbsorb Adamant] for Loudred [11 2 5 28 6 1 Soundproof Bold]
[07/04/2019 20:16:34] Andre wondertraded their Carbink [8 1 13 3 14 29 ClearBody Calm] for Gligar [28 16 8 11 26 6 SandVeil Quirky]
[07/04/2019 20:31:03] Mr.Jack wondertraded their Larvitar [11 7 13 7 18 8 Guts Naive] for Taillow [28 19 5 13 14 25 Guts Quirky]
[07/04/2019 21:16:42] Andre wondertraded their Tangela [23 25 17 19 21 18 Chlorophyll Quirky] for Ariados [11 3 3 8 30 21 Insomnia Relaxed]
[07/04/2019 21:29:50] Andre wondertraded their Rhyhorn [23 12 16 30 20 18 RockHead Sassy] for Ledian [17 26 16 23 1 6 Swarm Gentle]
[07/04/2019 21:30:29] Mr.Jack wondertraded their Larvitar [11 4 0 14 22 28 Guts Relaxed] for Magby [15 25 3 8 21 16 FlameBody Hasty]
[07/04/2019 22:27:35] Mr.Jack wondertraded their Weedle [22 3 14 25 31 1 ShieldDust Naughty] for Whimsicott [31 11 17 21 1 14 Prankster Impish]
[07/04/2019 22:41:23] Andre wondertraded their Helioptile [17 29 9 24 28 31 DrySkin Sassy] for Shelmet [2 27 26 2 10 2 Hydration Modest]
[07/04/2019 22:59:04] Mr.Jack wondertraded their Hoothoot [6 16 11 12 10 17 Insomnia Quirky] for Sharpedo [13 9 12 15 26 6 RoughSkin Quiet]
[07/04/2019 23:31:59] Mr.Jack wondertraded their Lampent [31 10 8 9 28 1 FlashFire Timid] for Cranidos [0 11 2 24 2 17 MoldBreaker Jolly]
[08/04/2019 18:54:17] Mr.Jack wondertraded their Ekans [2 23 4 4 15 5 Intimidate Gentle] for Simisage [22 0 21 24 8 23 Gluttony Naive]
[08/04/2019 20:05:15] Mr.Jack wondertraded their Foongus [8 28 25 18 0 19 EffectSpore Rash] for Riolu [25 0 3 26 0 24 Steadfast Modest]
[08/04/2019 20:05:47] Andre wondertraded their Shelmet [2 27 26 2 10 2 Hydration Modest] for Tynamo [29 5 0 13 26 14 Levitate Jolly]
[08/04/2019 20:54:38] Andre wondertraded their Tynamo [29 5 0 13 26 14 Levitate Jolly] for Axew [25 19 24 14 26 26 Rivalry Hasty]
[08/04/2019 20:55:33] Mr.Jack wondertraded their Caterpie [28 9 7 15 31 30 ShieldDust Adamant] for Mudkip [7 30 20 7 19 10 Torrent Naive]
[08/04/2019 21:25:02] Andre wondertraded their Hippopotas [27 13 14 27 9 5 SandStream Quirky] for Bruxish [12 3 19 23 20 9 StrongJaw Lonely]
[08/04/2019 21:27:52] Mr.Jack wondertraded their Butterfree [26 5 27 0 2 13 CompoundEyes Impish] for Vanilluxe [13 21 26 14 8 28 SnowWarning Careful]
[08/04/2019 21:56:29] Andre wondertraded their Bruxish [12 3 19 23 20 9 StrongJaw Lonely] for Fraxure [7 5 19 20 24 18 Rivalry Naughty]
[08/04/2019 21:58:12] Mr.Jack wondertraded their Doduo [8 8 31 5 5 1 EarlyBird Naughty] for Samurott [0 0 1 25 12 30 Torrent Calm]
[09/04/2019 19:34:07] Mr.Jack wondertraded their Meganium [14 2 0 12 1 11 Overgrow Careful] for Swanna [4 24 2 24 31 10 KeenEye Rash]
[09/04/2019 20:28:15] Andre wondertraded their Staryu [4 29 22 15 28 5 NaturalCure Bashful] for Cherubi [4 15 31 1 14 14 Chlorophyll Quiet]
[09/04/2019 20:29:22] Mr.Jack wondertraded their Haunter [29 25 26 16 18 8 Levitate Lax] for Natu [29 7 29 10 2 18 Synchronize Adamant]
[10/04/2019 19:00:34] Mr.Jack wondertraded their Raichu [31 7 24 10 20 16 Static Lax] for Elgyem [14 25 25 20 25 10 Telepathy Bashful]
[12/04/2019 19:05:09] Mr.Jack wondertraded their Gyarados [18 7 14 6 17 24 Intimidate Careful] for Onix [9 25 16 11 4 16 RockHead Adamant]
[12/04/2019 21:26:58] Mr.Jack wondertraded their Pidgeot [18 10 30 20 26 19 TangledFeet Serious] for Cherrim [10 23 10 25 26 0 FlowerGift Sassy]
[12/04/2019 22:22:11] Andre wondertraded their Ponyta [3 27 21 24 23 5 RunAway Calm] for Ivysaur [29 29 12 6 19 13 Overgrow Docile]
[12/04/2019 22:22:19] Mr.Jack wondertraded their Ledyba [5 12 18 14 22 20 EarlyBird Jolly] for Scraggy [20 22 6 25 30 15 Moxie Relaxed]
[12/04/2019 23:22:19] Andre wondertraded their Oricorio [13 30 20 26 24 28 ComingSoon Timid] for Pelipper [5 17 20 8 13 30 KeenEye Jolly]
[12/04/2019 23:22:20] Mr.Jack wondertraded their Phanpy [12 31 2 22 24 30 Pickup Hasty] for Froslass [4 6 19 15 26 30 SnowCloak Lax]
[13/04/2019 00:22:11] Andre wondertraded their Pelipper [5 17 20 8 13 30 KeenEye Jolly] for Unfezant [29 12 9 3 7 1 BigPecks Gentle]
[13/04/2019 00:22:38] Mr.Jack wondertraded their Wingull [20 7 3 14 25 20 Hydration Sassy] for Ekans [15 29 8 24 7 5 Intimidate Adamant]
[13/04/2019 00:56:17] Mr.Jack wondertraded their Ekans [15 29 8 24 7 5 Intimidate Adamant] for Araquanid [4 3 25 28 21 2 WaterBubble Bashful]
[13/04/2019 01:13:32] Andre wondertraded their Pyukumuku [8 29 19 31 4 19 ComingSoon Careful] for Gogoat [9 2 28 10 0 31 SapSipper Bashful]
[13/04/2019 01:34:05] Mr.Jack wondertraded their Ponyta [27 0 31 5 25 3 FlashFire Naive] for Noctowl [23 26 11 0 1 13 Insomnia Impish]
